<?xml version="1.0" encoding="UTF-8"?>
<testsuite name="org.example.SILab2Test" tests="2" skipped="0" failures="0" errors="0" timestamp="2023-05-26T12:08:21" hostname="LAPTOP-P8JOIELQ" time="0.026">
  <properties/>
  <testcase name="everyBranch()" classname="org.example.SILab2Test" time="0.023"/>
  <testcase name="multipleCondition()" classname="org.example.SILab2Test" time="0.002"/>
  <system-out><![CDATA[]]></system-out>
  <system-err><![CDATA[]]></system-err>
</testsuite>
